[0.262s] DEBUG:colcon:Command line arguments: ['/usr/bin/colcon', 'build']
[0.263s] DEBUG:colcon:Parsed command line arguments: Namespace(log_base=None, log_level=None, verb_name='build', build_base='build', install_base='install', merge_install=False, symlink_install=False, test_result_base=None, continue_on_error=False, executor='parallel', parallel_workers=12, event_handlers=None, ignore_user_meta=False, metas=['./colcon.meta'], base_paths=['.'], packages_ignore=None, packages_ignore_regex=None, paths=None, packages_up_to=None, packages_up_to_regex=None, packages_above=None, packages_above_and_dependencies=None, packages_above_depth=None, packages_select_by_dep=None, packages_skip_by_dep=None, packages_skip_up_to=None, packages_select_build_failed=False, packages_skip_build_finished=False, packages_select_test_failures=False, packages_skip_test_passed=False, packages_select=None, packages_skip=None, packages_select_regex=None, packages_skip_regex=None, packages_start=None, packages_end=None, allow_overriding=[], cmake_args=None, cmake_target=None, cmake_target_skip_unavailable=False, cmake_clean_cache=False, cmake_clean_first=False, cmake_force_configure=False, ament_cmake_args=None, catkin_cmake_args=None, catkin_skip_building_tests=False, verb_parser=<colcon_defaults.argument_parser.defaults.DefaultArgumentsDecorator object at 0x7a04f8a5c8b0>, verb_extension=<colcon_core.verb.build.BuildVerb object at 0x7a04f8a5c2e0>, main=<bound method BuildVerb.main of <colcon_core.verb.build.BuildVerb object at 0x7a04f8a5c2e0>>)
[0.281s] Level 1:colcon.colcon_core.package_discovery:discover_packages(colcon_meta) check parameters
[0.281s] Level 1:colcon.colcon_core.package_discovery:discover_packages(recursive) check parameters
[0.281s] Level 1:colcon.colcon_core.package_discovery:discover_packages(ignore) check parameters
[0.281s] Level 1:colcon.colcon_core.package_discovery:discover_packages(path) check parameters
[0.281s] Level 1:colcon.colcon_core.package_discovery:discover_packages(colcon_meta) discover
[0.281s] Level 1:colcon.colcon_core.package_discovery:discover_packages(recursive) discover
[0.281s] INFO:colcon.colcon_core.package_discovery:Crawling recursively for packages in '/home/osx/Documents/air-hockey-robot/src'
[0.281s] Level 1:colcon.colcon_core.package_identification:_identify(.) by extensions ['ignore', 'ignore_ament_install']
[0.281s] Level 1:colcon.colcon_core.package_identification:_identify(.) by extension 'ignore'
[0.281s] Level 1:colcon.colcon_core.package_identification:_identify(.) by extension 'ignore_ament_install'
[0.281s] Level 1:colcon.colcon_core.package_identification:_identify(.) by extensions ['colcon_pkg']
[0.281s] Level 1:colcon.colcon_core.package_identification:_identify(.) by extension 'colcon_pkg'
[0.281s] Level 1:colcon.colcon_core.package_identification:_identify(.) by extensions ['colcon_meta']
[0.281s] Level 1:colcon.colcon_core.package_identification:_identify(.) by extension 'colcon_meta'
[0.281s] Level 1:colcon.colcon_core.package_identification:_identify(.) by extensions ['ros']
[0.281s] Level 1:colcon.colcon_core.package_identification:_identify(.) by extension 'ros'
[0.299s] Level 1:colcon.colcon_core.package_identification:_identify(.) by extensions ['cmake', 'python']
[0.299s] Level 1:colcon.colcon_core.package_identification:_identify(.) by extension 'cmake'
[0.299s] Level 1:colcon.colcon_core.package_identification:_identify(.) by extension 'python'
[0.299s] Level 1:colcon.colcon_core.package_identification:_identify(.) by extensions ['python_setup_py']
[0.299s] Level 1:colcon.colcon_core.package_identification:_identify(.) by extension 'python_setup_py'
[0.300s] Level 1:colcon.colcon_core.package_identification:_identify(air_hockey_robot) by extensions ['ignore', 'ignore_ament_install']
[0.300s] Level 1:colcon.colcon_core.package_identification:_identify(air_hockey_robot) by extension 'ignore'
[0.300s] Level 1:colcon.colcon_core.package_identification:_identify(air_hockey_robot) by extension 'ignore_ament_install'
[0.300s] Level 1:colcon.colcon_core.package_identification:_identify(air_hockey_robot) by extensions ['colcon_pkg']
[0.300s] Level 1:colcon.colcon_core.package_identification:_identify(air_hockey_robot) by extension 'colcon_pkg'
[0.300s] Level 1:colcon.colcon_core.package_identification:_identify(air_hockey_robot) by extensions ['colcon_meta']
[0.300s] Level 1:colcon.colcon_core.package_identification:_identify(air_hockey_robot) by extension 'colcon_meta'
[0.300s] Level 1:colcon.colcon_core.package_identification:_identify(air_hockey_robot) by extensions ['ros']
[0.300s] Level 1:colcon.colcon_core.package_identification:_identify(air_hockey_robot) by extension 'ros'
[0.302s] DEBUG:colcon.colcon_core.package_identification:Package 'air_hockey_robot' with type 'ros.ament_cmake' and name 'air_hockey_robot'
[0.302s] Level 1:colcon.colcon_core.package_identification:_identify(air_hockey_robot_py) by extensions ['ignore', 'ignore_ament_install']
[0.302s] Level 1:colcon.colcon_core.package_identification:_identify(air_hockey_robot_py) by extension 'ignore'
[0.302s] Level 1:colcon.colcon_core.package_identification:_identify(air_hockey_robot_py) by extension 'ignore_ament_install'
[0.302s] Level 1:colcon.colcon_core.package_identification:_identify(air_hockey_robot_py) by extensions ['colcon_pkg']
[0.302s] Level 1:colcon.colcon_core.package_identification:_identify(air_hockey_robot_py) by extension 'colcon_pkg'
[0.302s] Level 1:colcon.colcon_core.package_identification:_identify(air_hockey_robot_py) by extensions ['colcon_meta']
[0.302s] Level 1:colcon.colcon_core.package_identification:_identify(air_hockey_robot_py) by extension 'colcon_meta'
[0.302s] Level 1:colcon.colcon_core.package_identification:_identify(air_hockey_robot_py) by extensions ['ros']
[0.302s] Level 1:colcon.colcon_core.package_identification:_identify(air_hockey_robot_py) by extension 'ros'
[0.303s] DEBUG:colcon.colcon_core.package_identification:Package 'air_hockey_robot_py' with type 'ros.ament_python' and name 'air_hockey_robot_py'
[0.303s] Level 1:colcon.colcon_core.package_identification:_identify(build) by extensions ['ignore', 'ignore_ament_install']
[0.303s] Level 1:colcon.colcon_core.package_identification:_identify(build) by extension 'ignore'
[0.303s] Level 1:colcon.colcon_core.package_identification:_identify(build) ignored
[0.303s] Level 1:colcon.colcon_core.package_identification:_identify(install) by extensions ['ignore', 'ignore_ament_install']
[0.303s] Level 1:colcon.colcon_core.package_identification:_identify(install) by extension 'ignore'
[0.303s] Level 1:colcon.colcon_core.package_identification:_identify(install) ignored
[0.303s] Level 1:colcon.colcon_core.package_identification:_identify(log) by extensions ['ignore', 'ignore_ament_install']
[0.303s] Level 1:colcon.colcon_core.package_identification:_identify(log) by extension 'ignore'
[0.303s] Level 1:colcon.colcon_core.package_identification:_identify(log) ignored
[0.303s] Level 1:colcon.colcon_core.package_discovery:discover_packages(recursive) using defaults
[0.303s] Level 1:colcon.colcon_core.package_discovery:discover_packages(ignore) discover
[0.303s] Level 1:colcon.colcon_core.package_discovery:discover_packages(ignore) using defaults
[0.303s] Level 1:colcon.colcon_core.package_discovery:discover_packages(path) discover
[0.303s] Level 1:colcon.colcon_core.package_discovery:discover_packages(path) using defaults
[0.320s] Level 1:colcon.colcon_core.package_discovery:discover_packages(prefix_path) check parameters
[0.320s] Level 1:colcon.colcon_core.package_discovery:discover_packages(prefix_path) discover
[0.322s] DEBUG:colcon.colcon_installed_package_information.package_discovery:Found 2 installed packages in /home/osx/Documents/air-hockey-robot/install
[0.323s] DEBUG:colcon.colcon_installed_package_information.package_discovery:Found 275 installed packages in /opt/ros/humble
[0.324s] Level 1:colcon.colcon_core.package_discovery:discover_packages(prefix_path) using defaults
[0.367s] Level 5:colcon.colcon_core.verb:set package 'air_hockey_robot' build argument 'cmake_args' from command line to 'None'
[0.367s] Level 5:colcon.colcon_core.verb:set package 'air_hockey_robot' build argument 'cmake_target' from command line to 'None'
[0.367s] Level 5:colcon.colcon_core.verb:set package 'air_hockey_robot' build argument 'cmake_target_skip_unavailable' from command line to 'False'
[0.367s] Level 5:colcon.colcon_core.verb:set package 'air_hockey_robot' build argument 'cmake_clean_cache' from command line to 'False'
[0.367s] Level 5:colcon.colcon_core.verb:set package 'air_hockey_robot' build argument 'cmake_clean_first' from command line to 'False'
[0.367s] Level 5:colcon.colcon_core.verb:set package 'air_hockey_robot' build argument 'cmake_force_configure' from command line to 'False'
[0.367s] Level 5:colcon.colcon_core.verb:set package 'air_hockey_robot' build argument 'ament_cmake_args' from command line to 'None'
[0.367s] Level 5:colcon.colcon_core.verb:set package 'air_hockey_robot' build argument 'catkin_cmake_args' from command line to 'None'
[0.367s] Level 5:colcon.colcon_core.verb:set package 'air_hockey_robot' build argument 'catkin_skip_building_tests' from command line to 'False'
[0.367s] DEBUG:colcon.colcon_core.verb:Building package 'air_hockey_robot' with the following arguments: {'ament_cmake_args': None, 'build_base': '/home/osx/Documents/air-hockey-robot/src/build/air_hockey_robot', 'catkin_cmake_args': None, 'catkin_skip_building_tests': False, 'cmake_args': None, 'cmake_clean_cache': False, 'cmake_clean_first': False, 'cmake_force_configure': False, 'cmake_target': None, 'cmake_target_skip_unavailable': False, 'install_base': '/home/osx/Documents/air-hockey-robot/src/install/air_hockey_robot', 'merge_install': False, 'path': '/home/osx/Documents/air-hockey-robot/src/air_hockey_robot', 'symlink_install': False, 'test_result_base': None}
[0.368s] Level 5:colcon.colcon_core.verb:set package 'air_hockey_robot_py' build argument 'cmake_args' from command line to 'None'
[0.368s] Level 5:colcon.colcon_core.verb:set package 'air_hockey_robot_py' build argument 'cmake_target' from command line to 'None'
[0.368s] Level 5:colcon.colcon_core.verb:set package 'air_hockey_robot_py' build argument 'cmake_target_skip_unavailable' from command line to 'False'
[0.368s] Level 5:colcon.colcon_core.verb:set package 'air_hockey_robot_py' build argument 'cmake_clean_cache' from command line to 'False'
[0.368s] Level 5:colcon.colcon_core.verb:set package 'air_hockey_robot_py' build argument 'cmake_clean_first' from command line to 'False'
[0.368s] Level 5:colcon.colcon_core.verb:set package 'air_hockey_robot_py' build argument 'cmake_force_configure' from command line to 'False'
[0.368s] Level 5:colcon.colcon_core.verb:set package 'air_hockey_robot_py' build argument 'ament_cmake_args' from command line to 'None'
[0.368s] Level 5:colcon.colcon_core.verb:set package 'air_hockey_robot_py' build argument 'catkin_cmake_args' from command line to 'None'
[0.368s] Level 5:colcon.colcon_core.verb:set package 'air_hockey_robot_py' build argument 'catkin_skip_building_tests' from command line to 'False'
[0.368s] DEBUG:colcon.colcon_core.verb:Building package 'air_hockey_robot_py' with the following arguments: {'ament_cmake_args': None, 'build_base': '/home/osx/Documents/air-hockey-robot/src/build/air_hockey_robot_py', 'catkin_cmake_args': None, 'catkin_skip_building_tests': False, 'cmake_args': None, 'cmake_clean_cache': False, 'cmake_clean_first': False, 'cmake_force_configure': False, 'cmake_target': None, 'cmake_target_skip_unavailable': False, 'install_base': '/home/osx/Documents/air-hockey-robot/src/install/air_hockey_robot_py', 'merge_install': False, 'path': '/home/osx/Documents/air-hockey-robot/src/air_hockey_robot_py', 'symlink_install': False, 'test_result_base': None}
[0.368s] INFO:colcon.colcon_core.executor:Executing jobs using 'parallel' executor
[0.371s] DEBUG:colcon.colcon_parallel_executor.executor.parallel:run_until_complete
[0.371s] INFO:colcon.colcon_ros.task.ament_cmake.build:Building ROS package in '/home/osx/Documents/air-hockey-robot/src/air_hockey_robot' with build type 'ament_cmake'
[0.371s] INFO:colcon.colcon_cmake.task.cmake.build:Building CMake package in '/home/osx/Documents/air-hockey-robot/src/air_hockey_robot'
[0.375s] INFO:colcon.colcon_core.plugin_system:Skipping extension 'colcon_core.shell.bat': Not used on non-Windows systems
[0.375s] INFO:colcon.colcon_core.shell:Skip shell extension 'powershell' for command environment: Not usable outside of PowerShell
[0.375s] DEBUG:colcon.colcon_core.shell:Skip shell extension 'dsv' for command environment
[0.378s] INFO:colcon.colcon_ros.task.ament_python.build:Building ROS package in '/home/osx/Documents/air-hockey-robot/src/air_hockey_robot_py' with build type 'ament_python'
[0.378s] Level 1:colcon.colcon_core.shell:create_environment_hook('air_hockey_robot_py', 'ament_prefix_path')
[0.379s] INFO:colcon.colcon_core.shell:Creating environment hook '/home/osx/Documents/air-hockey-robot/src/install/air_hockey_robot_py/share/air_hockey_robot_py/hook/ament_prefix_path.ps1'
[0.380s] INFO:colcon.colcon_core.shell:Creating environment descriptor '/home/osx/Documents/air-hockey-robot/src/install/air_hockey_robot_py/share/air_hockey_robot_py/hook/ament_prefix_path.dsv'
[0.380s] INFO:colcon.colcon_core.shell:Creating environment hook '/home/osx/Documents/air-hockey-robot/src/install/air_hockey_robot_py/share/air_hockey_robot_py/hook/ament_prefix_path.sh'
[0.382s] INFO:colcon.colcon_core.shell:Skip shell extension 'powershell' for command environment: Not usable outside of PowerShell
[0.382s] DEBUG:colcon.colcon_core.shell:Skip shell extension 'dsv' for command environment
[0.390s] DEBUG:colcon.colcon_core.event_handler.log_command:Invoking command in '/home/osx/Documents/air-hockey-robot/src/build/air_hockey_robot': CMAKE_PREFIX_PATH=${CMAKE_PREFIX_PATH}:/home/osx/Documents/air-hockey-robot/install/air_hockey_robot_py:/opt/ros/humble /usr/bin/cmake /home/osx/Documents/air-hockey-robot/src/air_hockey_robot -DCMAKE_INSTALL_PREFIX=/home/osx/Documents/air-hockey-robot/src/install/air_hockey_robot
[0.638s] INFO:colcon.colcon_core.task.python.build:Building Python package in '/home/osx/Documents/air-hockey-robot/src/air_hockey_robot_py'
[0.639s] INFO:colcon.colcon_core.shell:Skip shell extension 'powershell' for command environment: Not usable outside of PowerShell
[0.639s] DEBUG:colcon.colcon_core.shell:Skip shell extension 'dsv' for command environment
[0.964s] DEBUG:colcon.colcon_core.event_handler.log_command:Invoked command in '/home/osx/Documents/air-hockey-robot/src/build/air_hockey_robot' returned '1': CMAKE_PREFIX_PATH=${CMAKE_PREFIX_PATH}:/home/osx/Documents/air-hockey-robot/install/air_hockey_robot_py:/opt/ros/humble /usr/bin/cmake /home/osx/Documents/air-hockey-robot/src/air_hockey_robot -DCMAKE_INSTALL_PREFIX=/home/osx/Documents/air-hockey-robot/src/install/air_hockey_robot
[0.977s] Level 1:colcon.colcon_core.environment:create_environment_scripts_only(air_hockey_robot)
[0.981s] Level 1:colcon.colcon_core.environment:checking '/home/osx/Documents/air-hockey-robot/src/install/air_hockey_robot' for CMake module files
[0.981s] Level 1:colcon.colcon_core.environment:checking '/home/osx/Documents/air-hockey-robot/src/install/air_hockey_robot' for CMake config files
[0.981s] Level 1:colcon.colcon_core.environment:checking '/home/osx/Documents/air-hockey-robot/src/install/air_hockey_robot/bin'
[0.981s] Level 1:colcon.colcon_core.environment:checking '/home/osx/Documents/air-hockey-robot/src/install/air_hockey_robot/lib/pkgconfig/air_hockey_robot.pc'
[0.982s] Level 1:colcon.colcon_core.environment:checking '/home/osx/Documents/air-hockey-robot/src/install/air_hockey_robot/lib/python3.10/site-packages'
[0.982s] Level 1:colcon.colcon_core.environment:checking '/home/osx/Documents/air-hockey-robot/src/install/air_hockey_robot/bin'
[0.983s] INFO:colcon.colcon_core.shell:Creating package script '/home/osx/Documents/air-hockey-robot/src/install/air_hockey_robot/share/air_hockey_robot/package.ps1'
[0.984s] INFO:colcon.colcon_core.shell:Creating package descriptor '/home/osx/Documents/air-hockey-robot/src/install/air_hockey_robot/share/air_hockey_robot/package.dsv'
[0.984s] INFO:colcon.colcon_core.shell:Creating package script '/home/osx/Documents/air-hockey-robot/src/install/air_hockey_robot/share/air_hockey_robot/package.sh'
[0.984s] INFO:colcon.colcon_core.shell:Creating package script '/home/osx/Documents/air-hockey-robot/src/install/air_hockey_robot/share/air_hockey_robot/package.bash'
[0.985s] INFO:colcon.colcon_core.shell:Creating package script '/home/osx/Documents/air-hockey-robot/src/install/air_hockey_robot/share/air_hockey_robot/package.zsh'
[0.985s] Level 1:colcon.colcon_core.environment:create_file_with_runtime_dependencies(/home/osx/Documents/air-hockey-robot/src/install/air_hockey_robot/share/colcon-core/packages/air_hockey_robot)
[0.997s] DEBUG:colcon.colcon_parallel_executor.executor.parallel:closing loop
[0.997s] DEBUG:colcon.colcon_parallel_executor.executor.parallel:loop closed
[0.997s] DEBUG:colcon.colcon_parallel_executor.executor.parallel:run_until_complete finished with '1'
[0.997s] DEBUG:colcon.colcon_core.event_reactor:joining thread
[1.002s] INFO:colcon.colcon_core.plugin_system:Skipping extension 'colcon_notification.desktop_notification.terminal_notifier': Not used on non-Darwin systems
[1.002s] INFO:colcon.colcon_core.plugin_system:Skipping extension 'colcon_notification.desktop_notification.win32': Not used on non-Windows systems
[1.002s] INFO:colcon.colcon_notification.desktop_notification:Sending desktop notification using 'notify2'
[1.012s] DEBUG:colcon.colcon_core.event_reactor:joined thread
[1.013s] INFO:colcon.colcon_core.shell:Creating prefix script '/home/osx/Documents/air-hockey-robot/src/install/local_setup.ps1'
[1.014s] INFO:colcon.colcon_core.shell:Creating prefix util module '/home/osx/Documents/air-hockey-robot/src/install/_local_setup_util_ps1.py'
[1.015s] INFO:colcon.colcon_core.shell:Creating prefix chain script '/home/osx/Documents/air-hockey-robot/src/install/setup.ps1'
[1.016s] INFO:colcon.colcon_core.shell:Creating prefix script '/home/osx/Documents/air-hockey-robot/src/install/local_setup.sh'
[1.017s] INFO:colcon.colcon_core.shell:Creating prefix util module '/home/osx/Documents/air-hockey-robot/src/install/_local_setup_util_sh.py'
[1.017s] INFO:colcon.colcon_core.shell:Creating prefix chain script '/home/osx/Documents/air-hockey-robot/src/install/setup.sh'
[1.019s] INFO:colcon.colcon_core.shell:Creating prefix script '/home/osx/Documents/air-hockey-robot/src/install/local_setup.bash'
[1.019s] INFO:colcon.colcon_core.shell:Creating prefix chain script '/home/osx/Documents/air-hockey-robot/src/install/setup.bash'
[1.040s] INFO:colcon.colcon_core.shell:Creating prefix script '/home/osx/Documents/air-hockey-robot/src/install/local_setup.zsh'
[1.041s] INFO:colcon.colcon_core.shell:Creating prefix chain script '/home/osx/Documents/air-hockey-robot/src/install/setup.zsh'
